{"name": "test_navbar_buttons[parent_button2-navbar_button2-https://www.centos.org/download/]", "status": "broken", "statusDetails": {"message": "selenium.common.exceptions.TimeoutException: Message: \nStacktrace:\n0   chromedriver                        0x00000001007ab2c9 chromedriver + 5120713\n1   chromedriver                        0x0000000100739e33 chromedriver + 4656691\n2   chromedriver                        0x0000000100329158 chromedriver + 393560\n3   chromedriver                        0x000000010035dedd chromedriver + 610013\n4   chromedriver                        0x000000010035e161 chromedriver + 610657\n5   chromedriver                        0x0000000100390244 chromedriver + 815684\n6   chromedriver                        0x000000010037b4ad chromedriver + 730285\n7   chromedriver                        0x000000010038df41 chromedriver + 806721\n8   chromedriver                        0x000000010037b373 chromedriver + 729971\n9   chromedriver                        0x0000000100351609 chromedriver + 558601\n10  chromedriver                        0x0000000100352635 chromedriver + 562741\n11  chromedriver                        0x000000010077db1d chromedriver + 4934429\n12  chromedriver                        0x0000000100782295 chromedriver + 4952725\n13  chromedriver                        0x00000001007873cf chromedriver + 4973519\n14  chromedriver                        0x0000000100782cba chromedriver + 4955322\n15  chromedriver                        0x000000010075d37c chromedriver + 4801404\n16  chromedriver                        0x000000010079cc68 chromedriver + 5061736\n17  chromedriver                        0x000000010079cdef chromedriver + 5062127\n18  chromedriver                        0x00000001007b25e5 chromedriver + 5150181\n19  libsystem_pthread.dylib             0x00007fff203428fc _pthread_start + 224\n20  libsystem_pthread.dylib             0x00007fff2033e443 thread_start + 15", "trace": "self = <test_ui.TestMainPageUI object at 0x10773e490>, auth_page = None\nauthorized_page = <ui.pages.authorized_page.AuthorizedPage object at 0x10b909f10>\nparent_button = ('xpath', \"//a[@href='javascript:' and text()='Linux']\")\nnavbar_button = ('xpath', \"//a[@href='https://www.centos.org/download/']\")\nexpected_result = 'https://www.centos.org/download/'\n\n    @allure.description(\n        \"\"\"\n        Test navbar buttons can open in new tab\n        \"\"\"\n    )\n    @pytest.mark.parametrize('parent_button, navbar_button, expected_result',\n                             [\n                                 (AuthorizedPageLocators.PYTHON_BUTTON, AuthorizedPageLocators.PYTHON_HISTORY_BUTTON,\n                                  \"https://en.wikipedia.org/wiki/History_of_Python\"),\n                                 (AuthorizedPageLocators.PYTHON_BUTTON, AuthorizedPageLocators.FLASK_BUTTON,\n                                  \"https://flask.palletsprojects.com/en/1.1.x/#\"),\n                                 (AuthorizedPageLocators.LINUX_BUTTON, AuthorizedPageLocators.CENTOS_BUTTON,\n                                  \"https://www.centos.org/download/\"),\n                                 (AuthorizedPageLocators.NETWORK_BUTTON, AuthorizedPageLocators.WIRESHARK_NEWS,\n                                  \"https://www.wireshark.org/news/\"),\n                                 (AuthorizedPageLocators.NETWORK_BUTTON, AuthorizedPageLocators.WIRESHARK_DOWNLOAD,\n                                  \"https://www.wireshark.org/#download\"),\n                                 (AuthorizedPageLocators.NETWORK_BUTTON, AuthorizedPageLocators.TCPDUMP_EXAMPLE,\n                                  \"https://hackertarget.com/tcpdump-examples/\")\n    \n                             ])\n    def test_navbar_buttons(self, auth_page, authorized_page, parent_button, navbar_button, expected_result):\n        authorized_page.hover_on_element(parent_button)\n>       authorized_page.click(navbar_button)\n\nui_tests/test_ui.py:283: \n_ _ _ _ _ _ _ _ _ _ _ _ _ _ _ _ _ _ _ _ _ _ _ _ _ _ _ _ _ _ _ _ _ _ _ _ _ _ _ _ \n../ui/pages/base_page.py:36: in click\n    self.find(locator, timeout=timeout)\n../ui/pages/base_page.py:30: in find\n    return self.wait(timeout).until(EC.presence_of_element_located(locator))\n_ _ _ _ _ _ _ _ _ _ _ _ _ _ _ _ _ _ _ _ _ _ _ _ _ _ _ _ _ _ _ _ _ _ _ _ _ _ _ _ \n\nself = <selenium.webdriver.support.wait.WebDriverWait (session=\"5e9306ae8480cf3783126e427ad29eb6\")>\nmethod = <selenium.webdriver.support.expected_conditions.presence_of_element_located object at 0x10b874310>\nmessage = ''\n\n    def until(self, method, message=''):\n        \"\"\"Calls the method provided with the driver as an argument until the \\\n        return value does not evaluate to ``False``.\n    \n        :param method: callable(WebDriver)\n        :param message: optional message for :exc:`TimeoutException`\n        :returns: the result of the last call to `method`\n        :raises: :exc:`selenium.common.exceptions.TimeoutException` if timeout occurs\n        \"\"\"\n        screen = None\n        stacktrace = None\n    \n        end_time = time.time() + self._timeout\n        while True:\n            try:\n                value = method(self._driver)\n                if value:\n                    return value\n            except self._ignored_exceptions as exc:\n                screen = getattr(exc, 'screen', None)\n                stacktrace = getattr(exc, 'stacktrace', None)\n            time.sleep(self._poll)\n            if time.time() > end_time:\n                break\n>       raise TimeoutException(message, screen, stacktrace)\nE       selenium.common.exceptions.TimeoutException: Message: \nE       Stacktrace:\nE       0   chromedriver                        0x00000001007ab2c9 chromedriver + 5120713\nE       1   chromedriver                        0x0000000100739e33 chromedriver + 4656691\nE       2   chromedriver                        0x0000000100329158 chromedriver + 393560\nE       3   chromedriver                        0x000000010035dedd chromedriver + 610013\nE       4   chromedriver                        0x000000010035e161 chromedriver + 610657\nE       5   chromedriver                        0x0000000100390244 chromedriver + 815684\nE       6   chromedriver                        0x000000010037b4ad chromedriver + 730285\nE       7   chromedriver                        0x000000010038df41 chromedriver + 806721\nE       8   chromedriver                        0x000000010037b373 chromedriver + 729971\nE       9   chromedriver                        0x0000000100351609 chromedriver + 558601\nE       10  chromedriver                        0x0000000100352635 chromedriver + 562741\nE       11  chromedriver                        0x000000010077db1d chromedriver + 4934429\nE       12  chromedriver                        0x0000000100782295 chromedriver + 4952725\nE       13  chromedriver                        0x00000001007873cf chromedriver + 4973519\nE       14  chromedriver                        0x0000000100782cba chromedriver + 4955322\nE       15  chromedriver                        0x000000010075d37c chromedriver + 4801404\nE       16  chromedriver                        0x000000010079cc68 chromedriver + 5061736\nE       17  chromedriver                        0x000000010079cdef chromedriver + 5062127\nE       18  chromedriver                        0x00000001007b25e5 chromedriver + 5150181\nE       19  libsystem_pthread.dylib             0x00007fff203428fc _pthread_start + 224\nE       20  libsystem_pthread.dylib             0x00007fff2033e443 thread_start + 15\n\n../../venv/lib/python3.8/site-packages/selenium/webdriver/support/wait.py:87: TimeoutException"}, "description": "\n        Test navbar buttons can open in new tab \n        ", "steps": [{"name": "Hover on ('xpath', \"//a[@href='javascript:' and text()='Linux']\")", "status": "passed", "parameters": [{"name": "locator", "value": "('xpath', \"//a[@href='javascript:' and text()='Linux']\")"}], "start": 1653323329588, "stop": 1653323329983}, {"name": "Click on ('xpath', \"//a[@href='https://www.centos.org/download/']\")", "status": "broken", "statusDetails": {"message": "selenium.common.exceptions.TimeoutException: Message: \nStacktrace:\n0   chromedriver                        0x00000001007ab2c9 chromedriver + 5120713\n1   chromedriver                        0x0000000100739e33 chromedriver + 4656691\n2   chromedriver                        0x0000000100329158 chromedriver + 393560\n3   chromedriver                        0x000000010035dedd chromedriver + 610013\n4   chromedriver                        0x000000010035e161 chromedriver + 610657\n5   chromedriver                        0x0000000100390244 chromedriver + 815684\n6   chromedriver                        0x000000010037b4ad chromedriver + 730285\n7   chromedriver                        0x000000010038df41 chromedriver + 806721\n8   chromedriver                        0x000000010037b373 chromedriver + 729971\n9   chromedriver                        0x0000000100351609 chromedriver + 558601\n10  chromedriver                        0x0000000100352635 chromedriver + 562741\n11  chromedriver                        0x000000010077db1d chromedriver + 4934429\n12  chromedriver                        0x0000000100782295 chromedriver + 4952725\n13  chromedriver                        0x00000001007873cf chromedriver + 4973519\n14  chromedriver                        0x0000000100782cba chromedriver + 4955322\n15  chromedriver                        0x000000010075d37c chromedriver + 4801404\n16  chromedriver                        0x000000010079cc68 chromedriver + 5061736\n17  chromedriver                        0x000000010079cdef chromedriver + 5062127\n18  chromedriver                        0x00000001007b25e5 chromedriver + 5150181\n19  libsystem_pthread.dylib             0x00007fff203428fc _pthread_start + 224\n20  libsystem_pthread.dylib             0x00007fff2033e443 thread_start + 15\n\n", "trace": "  File \"/Users/evgenii/PycharmProjects/2022-1-QAPYTHON-VK-E-GOLUBETS/venv/lib/python3.8/site-packages/allure_commons/_allure.py\", line 172, in impl\n    return func(*a, **kw)\n  File \"/Users/evgenii/PycharmProjects/2022-1-QAPYTHON-VK-E-GOLUBETS/project/ui/pages/base_page.py\", line 36, in click\n    self.find(locator, timeout=timeout)\n  File \"/Users/evgenii/PycharmProjects/2022-1-QAPYTHON-VK-E-GOLUBETS/project/ui/pages/base_page.py\", line 30, in find\n    return self.wait(timeout).until(EC.presence_of_element_located(locator))\n  File \"/Users/evgenii/PycharmProjects/2022-1-QAPYTHON-VK-E-GOLUBETS/venv/lib/python3.8/site-packages/selenium/webdriver/support/wait.py\", line 87, in until\n    raise TimeoutException(message, screen, stacktrace)\n"}, "parameters": [{"name": "locator", "value": "('xpath', \"//a[@href='https://www.centos.org/download/']\")"}, {"name": "timeout", "value": "None"}], "start": 1653323329983, "stop": 1653323355600}], "attachments": [{"name": "log", "source": "dc4dc607-1eba-4af7-83a6-b60f1e085338-attachment.txt", "type": "text/plain"}, {"name": "stdout", "source": "f24c861a-ca8b-4c90-9d3b-ba9b78ebc4fa-attachment.txt", "type": "text/plain"}, {"name": "stderr", "source": "1afbcd68-60a8-4bc3-bb8d-7ce805dfd627-attachment.txt", "type": "text/plain"}], "parameters": [{"name": "parent_button", "value": "('xpath', \"//a[@href='javascript:' and text()='Linux']\")"}, {"name": "navbar_button", "value": "('xpath', \"//a[@href='https://www.centos.org/download/']\")"}, {"name": "expected_result", "value": "'https://www.centos.org/download/'"}], "start": 1653323329588, "stop": 1653323355607, "uuid": "ba24b146-c650-4b0c-8d71-e0a7711e6ff1", "historyId": "558c2fd847b745944a873eee36e50587", "testCaseId": "1e17b6282c2f42c49fcfd21a76370dc5", "fullName": "tests.ui_tests.test_ui.TestMainPageUI#test_navbar_buttons", "labels": [{"name": "feature", "value": "UI main page tests"}, {"name": "tag", "value": "UI"}, {"name": "parentSuite", "value": "tests.ui_tests"}, {"name": "suite", "value": "test_ui"}, {"name": "subSuite", "value": "TestMainPageUI"}, {"name": "host", "value": "MacBook-Air-Evgenii.local"}, {"name": "thread", "value": "32146-MainThread"}, {"name": "framework", "value": "pytest"}, {"name": "language", "value": "cpython3"}, {"name": "package", "value": "tests.ui_tests.test_ui"}]}